[12:01:33:441]|[04-18-2023]|[org.apache.tomcat.util.digester.Digester]|[WARNING]|[20]: Match [Server/Service/Connector] failed to set property [maxSpareThreads] to [75]|
[12:01:33:442]|[04-18-2023]|[org.apache.tomcat.util.digester.Digester]|[WARNING]|[20]: Match [Server/Service/Connector] failed to set property [debug] to [3]|
[12:01:33:470]|[04-18-2023]|[org.apache.tomcat.util.digester.Digester]|[WARNING]|[20]: Match [Server/Service/Engine/Host] failed to set property [debug] to [0]|
[12:01:33:470]|[04-18-2023]|[org.apache.tomcat.util.digester.Digester]|[WARNING]|[20]: Match [Server/Service/Engine/Host] failed to set property [xmlValidation] to [false]|
[12:01:33:470]|[04-18-2023]|[org.apache.tomcat.util.digester.Digester]|[WARNING]|[20]: Match [Server/Service/Engine/Host] failed to set property [xmlNamespaceAware] to [false]|
[12:01:33:482]|[04-18-2023]|[org.apache.tomcat.util.digester.Digester]|[WARNING]|[20]: Match [Server/Service/Engine/Host/Valve] failed to set property [debug] to [0]|
[12:01:33:509]|[04-18-2023]|[org.apache.tomcat.util.digester.Digester]|[WARNING]|[20]: Match [Server/Service/Engine/Host/Valve] failed to set property [resolveHosts] to [false]|
[12:01:33:509]|[04-18-2023]|[org.apache.tomcat.util.digester.Digester]|[WARNING]|[20]: No rules found matching [Server/Service/Engine/Host/Logger]|
[12:01:33:807]|[04-18-2023]|[org.apache.coyote.http11.Http11NioProtocol]|[INFO]|[20]: Initializing ProtocolHandler ["http-nio-8080"]|
[12:01:33:855]|[04-18-2023]|[org.apache.catalina.startup.Catalina]|[INFO]|[20]: Server initialization in [551] milliseconds|
[12:01:33:868]|[04-18-2023]|[org.apache.catalina.core.StandardService]|[INFO]|[20]: Starting service [Catalina]|
[12:01:33:868]|[04-18-2023]|[org.apache.catalina.core.StandardEngine]|[INFO]|[20]: Starting Servlet engine: [Apache Tomcat/9.0.x-dev]|
[12:01:33:887]|[04-18-2023]|[org.apache.catalina.startup.HostConfig]|[INFO]|[20]: Deploying web application directory [D:\MickeyLite\Applications\LenderB\webapps\iam]|
[12:01:40:437]|[04-18-2023]|[org.apache.jasper.servlet.TldScanner]|[INFO]|[20]: At least one JAR was scanned for TLDs yet contained no TLDs. Enable debug logging for this logger for a complete list of JARs that were scanned but no TLDs were found in them. Skipping unneeded JARs during scanning can improve startup time and JSP compilation time.|
[12:01:40:479]|[04-18-2023]|[org.apache.catalina.core.ContainerBase.[Catalina].[localhost].[/iam]]|[SEVERE]|[20]: Exception starting filter [Accounts Filter]| 
java.lang.ClassNotFoundException: com.adventnet.iam.internal.filter.AccountsFilter
	at org.apache.catalina.loader.WebappClassLoaderBase.loadClass(WebappClassLoaderBase.java:1407)
	at org.apache.catalina.loader.WebappClassLoaderBase.loadClass(WebappClassLoaderBase.java:1215)
	at org.apache.catalina.core.DefaultInstanceManager.loadClass(DefaultInstanceManager.java:538)
	at org.apache.catalina.core.DefaultInstanceManager.loadClassMaybePrivileged(DefaultInstanceManager.java:519)
	at org.apache.catalina.core.DefaultInstanceManager.newInstance(DefaultInstanceManager.java:149)
	at org.apache.catalina.core.ApplicationFilterConfig.getFilter(ApplicationFilterConfig.java:249)
	at org.apache.catalina.core.ApplicationFilterConfig.<init>(ApplicationFilterConfig.java:101)
	at org.apache.catalina.core.StandardContext.filterStart(StandardContext.java:4613)
	at org.apache.catalina.core.StandardContext.startInternal(StandardContext.java:5256)
	at org.apache.catalina.util.LifecycleBase.start(LifecycleBase.java:183)
	at org.apache.catalina.core.ContainerBase.addChildInternal(ContainerBase.java:726)
	at org.apache.catalina.core.ContainerBase.addChild(ContainerBase.java:698)
	at org.apache.catalina.core.StandardHost.addChild(StandardHost.java:696)
	at org.apache.catalina.startup.HostConfig.deployDirectory(HostConfig.java:1185)
	at org.apache.catalina.startup.HostConfig$DeployDirectory.run(HostConfig.java:1933)
	at java.util.concurrent.Executors$RunnableAdapter.call(Executors.java:511)
	at java.util.concurrent.FutureTask.run(FutureTask.java:266)
	at org.apache.tomcat.util.threads.InlineExecutorService.execute(InlineExecutorService.java:75)
	at java.util.concurrent.AbstractExecutorService.submit(AbstractExecutorService.java:112)
	at org.apache.catalina.startup.HostConfig.deployDirectories(HostConfig.java:1095)
	at org.apache.catalina.startup.HostConfig.deployApps(HostConfig.java:477)
	at org.apache.catalina.startup.HostConfig.start(HostConfig.java:1618)
	at org.apache.catalina.startup.HostConfig.lifecycleEvent(HostConfig.java:319)
	at org.apache.catalina.util.LifecycleBase.fireLifecycleEvent(LifecycleBase.java:123)
	at org.apache.catalina.util.LifecycleBase.setStateInternal(LifecycleBase.java:423)
	at org.apache.catalina.util.LifecycleBase.setState(LifecycleBase.java:366)
	at org.apache.catalina.core.ContainerBase.startInternal(ContainerBase.java:946)
	at org.apache.catalina.core.StandardHost.startInternal(StandardHost.java:835)
	at org.apache.catalina.util.LifecycleBase.start(LifecycleBase.java:183)
	at org.apache.catalina.core.ContainerBase$StartChild.call(ContainerBase.java:1396)
	at org.apache.catalina.core.ContainerBase$StartChild.call(ContainerBase.java:1386)
	at java.util.concurrent.FutureTask.run(FutureTask.java:266)
	at org.apache.tomcat.util.threads.InlineExecutorService.execute(InlineExecutorService.java:75)
	at java.util.concurrent.AbstractExecutorService.submit(AbstractExecutorService.java:134)
	at org.apache.catalina.core.ContainerBase.startInternal(ContainerBase.java:919)
	at org.apache.catalina.core.StandardEngine.startInternal(StandardEngine.java:263)
	at org.apache.catalina.util.LifecycleBase.start(LifecycleBase.java:183)
	at org.apache.catalina.core.StandardService.startInternal(StandardService.java:432)
	at org.apache.catalina.util.LifecycleBase.start(LifecycleBase.java:183)
	at org.apache.catalina.core.StandardServer.startInternal(StandardServer.java:927)
	at org.apache.catalina.util.LifecycleBase.start(LifecycleBase.java:183)
	at org.apache.catalina.startup.Catalina.start(Catalina.java:772)
	at com.adventnet.mfw.service.WebService.start(WebService.java:97)
	at com.adventnet.mfw.service.ServiceStarter.initServices(ServiceStarter.java:170)
	at com.zoho.mickey.startup.MEServer.startServer(MEServer.java:381)
	at com.adventnet.mfw.Starter.start(Starter.java:396)
	at com.adventnet.mfw.Starter.main(Starter.java:727)
	at sun.reflect.NativeMethodAccessorImpl.invoke0(Native Method)
	at sun.reflect.NativeMethodAccessorImpl.invoke(NativeMethodAccessorImpl.java:62)
	at sun.reflect.DelegatingMethodAccessorImpl.invoke(DelegatingMethodAccessorImpl.java:43)
	at java.lang.reflect.Method.invoke(Method.java:498)
	at org.tanukisoftware.wrapper.WrapperSimpleApp.run(WrapperSimpleApp.java:349)
	at java.lang.Thread.run(Thread.java:750)

[12:01:40:481]|[04-18-2023]|[org.apache.catalina.core.ContainerBase.[Catalina].[localhost].[/iam]]|[SEVERE]|[20]: Exception starting filter [struts2]| 
java.lang.ClassNotFoundException: com.zoho.accounts.filter.StructsFilter
	at org.apache.catalina.loader.WebappClassLoaderBase.loadClass(WebappClassLoaderBase.java:1407)
	at org.apache.catalina.loader.WebappClassLoaderBase.loadClass(WebappClassLoaderBase.java:1215)
	at org.apache.catalina.core.DefaultInstanceManager.loadClass(DefaultInstanceManager.java:538)
	at org.apache.catalina.core.DefaultInstanceManager.loadClassMaybePrivileged(DefaultInstanceManager.java:519)
	at org.apache.catalina.core.DefaultInstanceManager.newInstance(DefaultInstanceManager.java:149)
	at org.apache.catalina.core.ApplicationFilterConfig.getFilter(ApplicationFilterConfig.java:249)
	at org.apache.catalina.core.ApplicationFilterConfig.<init>(ApplicationFilterConfig.java:101)
	at org.apache.catalina.core.StandardContext.filterStart(StandardContext.java:4613)
	at org.apache.catalina.core.StandardContext.startInternal(StandardContext.java:5256)
	at org.apache.catalina.util.LifecycleBase.start(LifecycleBase.java:183)
	at org.apache.catalina.core.ContainerBase.addChildInternal(ContainerBase.java:726)
	at org.apache.catalina.core.ContainerBase.addChild(ContainerBase.java:698)
	at org.apache.catalina.core.StandardHost.addChild(StandardHost.java:696)
	at org.apache.catalina.startup.HostConfig.deployDirectory(HostConfig.java:1185)
	at org.apache.catalina.startup.HostConfig$DeployDirectory.run(HostConfig.java:1933)
	at java.util.concurrent.Executors$RunnableAdapter.call(Executors.java:511)
	at java.util.concurrent.FutureTask.run(FutureTask.java:266)
	at org.apache.tomcat.util.threads.InlineExecutorService.execute(InlineExecutorService.java:75)
	at java.util.concurrent.AbstractExecutorService.submit(AbstractExecutorService.java:112)
	at org.apache.catalina.startup.HostConfig.deployDirectories(HostConfig.java:1095)
	at org.apache.catalina.startup.HostConfig.deployApps(HostConfig.java:477)
	at org.apache.catalina.startup.HostConfig.start(HostConfig.java:1618)
	at org.apache.catalina.startup.HostConfig.lifecycleEvent(HostConfig.java:319)
	at org.apache.catalina.util.LifecycleBase.fireLifecycleEvent(LifecycleBase.java:123)
	at org.apache.catalina.util.LifecycleBase.setStateInternal(LifecycleBase.java:423)
	at org.apache.catalina.util.LifecycleBase.setState(LifecycleBase.java:366)
	at org.apache.catalina.core.ContainerBase.startInternal(ContainerBase.java:946)
	at org.apache.catalina.core.StandardHost.startInternal(StandardHost.java:835)
	at org.apache.catalina.util.LifecycleBase.start(LifecycleBase.java:183)
	at org.apache.catalina.core.ContainerBase$StartChild.call(ContainerBase.java:1396)
	at org.apache.catalina.core.ContainerBase$StartChild.call(ContainerBase.java:1386)
	at java.util.concurrent.FutureTask.run(FutureTask.java:266)
	at org.apache.tomcat.util.threads.InlineExecutorService.execute(InlineExecutorService.java:75)
	at java.util.concurrent.AbstractExecutorService.submit(AbstractExecutorService.java:134)
	at org.apache.catalina.core.ContainerBase.startInternal(ContainerBase.java:919)
	at org.apache.catalina.core.StandardEngine.startInternal(StandardEngine.java:263)
	at org.apache.catalina.util.LifecycleBase.start(LifecycleBase.java:183)
	at org.apache.catalina.core.StandardService.startInternal(StandardService.java:432)
	at org.apache.catalina.util.LifecycleBase.start(LifecycleBase.java:183)
	at org.apache.catalina.core.StandardServer.startInternal(StandardServer.java:927)
	at org.apache.catalina.util.LifecycleBase.start(LifecycleBase.java:183)
	at org.apache.catalina.startup.Catalina.start(Catalina.java:772)
	at com.adventnet.mfw.service.WebService.start(WebService.java:97)
	at com.adventnet.mfw.service.ServiceStarter.initServices(ServiceStarter.java:170)
	at com.zoho.mickey.startup.MEServer.startServer(MEServer.java:381)
	at com.adventnet.mfw.Starter.start(Starter.java:396)
	at com.adventnet.mfw.Starter.main(Starter.java:727)
	at sun.reflect.NativeMethodAccessorImpl.invoke0(Native Method)
	at sun.reflect.NativeMethodAccessorImpl.invoke(NativeMethodAccessorImpl.java:62)
	at sun.reflect.DelegatingMethodAccessorImpl.invoke(DelegatingMethodAccessorImpl.java:43)
	at java.lang.reflect.Method.invoke(Method.java:498)
	at org.tanukisoftware.wrapper.WrapperSimpleApp.run(WrapperSimpleApp.java:349)
	at java.lang.Thread.run(Thread.java:750)

[12:01:40:498]|[04-18-2023]|[org.apache.catalina.core.ContainerBase.[Catalina].[localhost].[/iam]]|[SEVERE]|[20]: Exception starting filter [Security Filter]| 
javax.servlet.ServletException: java.lang.RuntimeException:  File security-safeheaders.xml doesn't exist in D:\MickeyLite\Applications\LenderB\bin\..\conf\
	at com.adventnet.iam.security.SecurityFilter.init(SecurityFilter.java:79)
	at org.apache.catalina.core.ApplicationFilterConfig.initFilter(ApplicationFilterConfig.java:270)
	at org.apache.catalina.core.ApplicationFilterConfig.getFilter(ApplicationFilterConfig.java:251)
	at org.apache.catalina.core.ApplicationFilterConfig.<init>(ApplicationFilterConfig.java:101)
	at org.apache.catalina.core.StandardContext.filterStart(StandardContext.java:4613)
	at org.apache.catalina.core.StandardContext.startInternal(StandardContext.java:5256)
	at org.apache.catalina.util.LifecycleBase.start(LifecycleBase.java:183)
	at org.apache.catalina.core.ContainerBase.addChildInternal(ContainerBase.java:726)
	at org.apache.catalina.core.ContainerBase.addChild(ContainerBase.java:698)
	at org.apache.catalina.core.StandardHost.addChild(StandardHost.java:696)
	at org.apache.catalina.startup.HostConfig.deployDirectory(HostConfig.java:1185)
	at org.apache.catalina.startup.HostConfig$DeployDirectory.run(HostConfig.java:1933)
	at java.util.concurrent.Executors$RunnableAdapter.call(Executors.java:511)
	at java.util.concurrent.FutureTask.run(FutureTask.java:266)
	at org.apache.tomcat.util.threads.InlineExecutorService.execute(InlineExecutorService.java:75)
	at java.util.concurrent.AbstractExecutorService.submit(AbstractExecutorService.java:112)
	at org.apache.catalina.startup.HostConfig.deployDirectories(HostConfig.java:1095)
	at org.apache.catalina.startup.HostConfig.deployApps(HostConfig.java:477)
	at org.apache.catalina.startup.HostConfig.start(HostConfig.java:1618)
	at org.apache.catalina.startup.HostConfig.lifecycleEvent(HostConfig.java:319)
	at org.apache.catalina.util.LifecycleBase.fireLifecycleEvent(LifecycleBase.java:123)
	at org.apache.catalina.util.LifecycleBase.setStateInternal(LifecycleBase.java:423)
	at org.apache.catalina.util.LifecycleBase.setState(LifecycleBase.java:366)
	at org.apache.catalina.core.ContainerBase.startInternal(ContainerBase.java:946)
	at org.apache.catalina.core.StandardHost.startInternal(StandardHost.java:835)
	at org.apache.catalina.util.LifecycleBase.start(LifecycleBase.java:183)
	at org.apache.catalina.core.ContainerBase$StartChild.call(ContainerBase.java:1396)
	at org.apache.catalina.core.ContainerBase$StartChild.call(ContainerBase.java:1386)
	at java.util.concurrent.FutureTask.run(FutureTask.java:266)
	at org.apache.tomcat.util.threads.InlineExecutorService.execute(InlineExecutorService.java:75)
	at java.util.concurrent.AbstractExecutorService.submit(AbstractExecutorService.java:134)
	at org.apache.catalina.core.ContainerBase.startInternal(ContainerBase.java:919)
	at org.apache.catalina.core.StandardEngine.startInternal(StandardEngine.java:263)
	at org.apache.catalina.util.LifecycleBase.start(LifecycleBase.java:183)
	at org.apache.catalina.core.StandardService.startInternal(StandardService.java:432)
	at org.apache.catalina.util.LifecycleBase.start(LifecycleBase.java:183)
	at org.apache.catalina.core.StandardServer.startInternal(StandardServer.java:927)
	at org.apache.catalina.util.LifecycleBase.start(LifecycleBase.java:183)
	at org.apache.catalina.startup.Catalina.start(Catalina.java:772)
	at com.adventnet.mfw.service.WebService.start(WebService.java:97)
	at com.adventnet.mfw.service.ServiceStarter.initServices(ServiceStarter.java:170)
	at com.zoho.mickey.startup.MEServer.startServer(MEServer.java:381)
	at com.adventnet.mfw.Starter.start(Starter.java:396)
	at com.adventnet.mfw.Starter.main(Starter.java:727)
	at sun.reflect.NativeMethodAccessorImpl.invoke0(Native Method)
	at sun.reflect.NativeMethodAccessorImpl.invoke(NativeMethodAccessorImpl.java:62)
	at sun.reflect.DelegatingMethodAccessorImpl.invoke(DelegatingMethodAccessorImpl.java:43)
	at java.lang.reflect.Method.invoke(Method.java:498)
	at org.tanukisoftware.wrapper.WrapperSimpleApp.run(WrapperSimpleApp.java:349)
	at java.lang.Thread.run(Thread.java:750)
Caused by: java.lang.RuntimeException:  File security-safeheaders.xml doesn't exist in D:\MickeyLite\Applications\LenderB\bin\..\conf\
	at com.adventnet.iam.security.SecurityFilterProperties.addCommonSecurityConfigurationFiles(SecurityFilterProperties.java:765)
	at com.adventnet.iam.security.SecurityFilterProperties.<init>(SecurityFilterProperties.java:517)
	at com.adventnet.iam.security.SecurityFilter.init(SecurityFilter.java:67)
	... 49 more

[12:01:40:502]|[04-18-2023]|[org.apache.catalina.core.ContainerBase.[Catalina].[localhost].[/iam]]|[SEVERE]|[20]: Exception starting filter [AccountsInternalAuthFilter]| 
java.lang.ClassNotFoundException: com.zoho.accounts.filter.internal.AccountsInternalAuthFilter
	at org.apache.catalina.loader.WebappClassLoaderBase.loadClass(WebappClassLoaderBase.java:1407)
	at org.apache.catalina.loader.WebappClassLoaderBase.loadClass(WebappClassLoaderBase.java:1215)
	at org.apache.catalina.core.DefaultInstanceManager.loadClass(DefaultInstanceManager.java:538)
	at org.apache.catalina.core.DefaultInstanceManager.loadClassMaybePrivileged(DefaultInstanceManager.java:519)
	at org.apache.catalina.core.DefaultInstanceManager.newInstance(DefaultInstanceManager.java:149)
	at org.apache.catalina.core.ApplicationFilterConfig.getFilter(ApplicationFilterConfig.java:249)
	at org.apache.catalina.core.ApplicationFilterConfig.<init>(ApplicationFilterConfig.java:101)
	at org.apache.catalina.core.StandardContext.filterStart(StandardContext.java:4613)
	at org.apache.catalina.core.StandardContext.startInternal(StandardContext.java:5256)
	at org.apache.catalina.util.LifecycleBase.start(LifecycleBase.java:183)
	at org.apache.catalina.core.ContainerBase.addChildInternal(ContainerBase.java:726)
	at org.apache.catalina.core.ContainerBase.addChild(ContainerBase.java:698)
	at org.apache.catalina.core.StandardHost.addChild(StandardHost.java:696)
	at org.apache.catalina.startup.HostConfig.deployDirectory(HostConfig.java:1185)
	at org.apache.catalina.startup.HostConfig$DeployDirectory.run(HostConfig.java:1933)
	at java.util.concurrent.Executors$RunnableAdapter.call(Executors.java:511)
	at java.util.concurrent.FutureTask.run(FutureTask.java:266)
	at org.apache.tomcat.util.threads.InlineExecutorService.execute(InlineExecutorService.java:75)
	at java.util.concurrent.AbstractExecutorService.submit(AbstractExecutorService.java:112)
	at org.apache.catalina.startup.HostConfig.deployDirectories(HostConfig.java:1095)
	at org.apache.catalina.startup.HostConfig.deployApps(HostConfig.java:477)
	at org.apache.catalina.startup.HostConfig.start(HostConfig.java:1618)
	at org.apache.catalina.startup.HostConfig.lifecycleEvent(HostConfig.java:319)
	at org.apache.catalina.util.LifecycleBase.fireLifecycleEvent(LifecycleBase.java:123)
	at org.apache.catalina.util.LifecycleBase.setStateInternal(LifecycleBase.java:423)
	at org.apache.catalina.util.LifecycleBase.setState(LifecycleBase.java:366)
	at org.apache.catalina.core.ContainerBase.startInternal(ContainerBase.java:946)
	at org.apache.catalina.core.StandardHost.startInternal(StandardHost.java:835)
	at org.apache.catalina.util.LifecycleBase.start(LifecycleBase.java:183)
	at org.apache.catalina.core.ContainerBase$StartChild.call(ContainerBase.java:1396)
	at org.apache.catalina.core.ContainerBase$StartChild.call(ContainerBase.java:1386)
	at java.util.concurrent.FutureTask.run(FutureTask.java:266)
	at org.apache.tomcat.util.threads.InlineExecutorService.execute(InlineExecutorService.java:75)
	at java.util.concurrent.AbstractExecutorService.submit(AbstractExecutorService.java:134)
	at org.apache.catalina.core.ContainerBase.startInternal(ContainerBase.java:919)
	at org.apache.catalina.core.StandardEngine.startInternal(StandardEngine.java:263)
	at org.apache.catalina.util.LifecycleBase.start(LifecycleBase.java:183)
	at org.apache.catalina.core.StandardService.startInternal(StandardService.java:432)
	at org.apache.catalina.util.LifecycleBase.start(LifecycleBase.java:183)
	at org.apache.catalina.core.StandardServer.startInternal(StandardServer.java:927)
	at org.apache.catalina.util.LifecycleBase.start(LifecycleBase.java:183)
	at org.apache.catalina.startup.Catalina.start(Catalina.java:772)
	at com.adventnet.mfw.service.WebService.start(WebService.java:97)
	at com.adventnet.mfw.service.ServiceStarter.initServices(ServiceStarter.java:170)
	at com.zoho.mickey.startup.MEServer.startServer(MEServer.java:381)
	at com.adventnet.mfw.Starter.start(Starter.java:396)
	at com.adventnet.mfw.Starter.main(Starter.java:727)
	at sun.reflect.NativeMethodAccessorImpl.invoke0(Native Method)
	at sun.reflect.NativeMethodAccessorImpl.invoke(NativeMethodAccessorImpl.java:62)
	at sun.reflect.DelegatingMethodAccessorImpl.invoke(DelegatingMethodAccessorImpl.java:43)
	at java.lang.reflect.Method.invoke(Method.java:498)
	at org.tanukisoftware.wrapper.WrapperSimpleApp.run(WrapperSimpleApp.java:349)
	at java.lang.Thread.run(Thread.java:750)

[12:01:40:504]|[04-18-2023]|[org.apache.catalina.core.ContainerBase.[Catalina].[localhost].[/iam]]|[SEVERE]|[20]: Exception starting filter [ClientFilter]| 
java.lang.ClassNotFoundException: com.zoho.accounts.filter.internal.ClientUserFilter
	at org.apache.catalina.loader.WebappClassLoaderBase.loadClass(WebappClassLoaderBase.java:1407)
	at org.apache.catalina.loader.WebappClassLoaderBase.loadClass(WebappClassLoaderBase.java:1215)
	at org.apache.catalina.core.DefaultInstanceManager.loadClass(DefaultInstanceManager.java:538)
	at org.apache.catalina.core.DefaultInstanceManager.loadClassMaybePrivileged(DefaultInstanceManager.java:519)
	at org.apache.catalina.core.DefaultInstanceManager.newInstance(DefaultInstanceManager.java:149)
	at org.apache.catalina.core.ApplicationFilterConfig.getFilter(ApplicationFilterConfig.java:249)
	at org.apache.catalina.core.ApplicationFilterConfig.<init>(ApplicationFilterConfig.java:101)
	at org.apache.catalina.core.StandardContext.filterStart(StandardContext.java:4613)
	at org.apache.catalina.core.StandardContext.startInternal(StandardContext.java:5256)
	at org.apache.catalina.util.LifecycleBase.start(LifecycleBase.java:183)
	at org.apache.catalina.core.ContainerBase.addChildInternal(ContainerBase.java:726)
	at org.apache.catalina.core.ContainerBase.addChild(ContainerBase.java:698)
	at org.apache.catalina.core.StandardHost.addChild(StandardHost.java:696)
	at org.apache.catalina.startup.HostConfig.deployDirectory(HostConfig.java:1185)
	at org.apache.catalina.startup.HostConfig$DeployDirectory.run(HostConfig.java:1933)
	at java.util.concurrent.Executors$RunnableAdapter.call(Executors.java:511)
	at java.util.concurrent.FutureTask.run(FutureTask.java:266)
	at org.apache.tomcat.util.threads.InlineExecutorService.execute(InlineExecutorService.java:75)
	at java.util.concurrent.AbstractExecutorService.submit(AbstractExecutorService.java:112)
	at org.apache.catalina.startup.HostConfig.deployDirectories(HostConfig.java:1095)
	at org.apache.catalina.startup.HostConfig.deployApps(HostConfig.java:477)
	at org.apache.catalina.startup.HostConfig.start(HostConfig.java:1618)
	at org.apache.catalina.startup.HostConfig.lifecycleEvent(HostConfig.java:319)
	at org.apache.catalina.util.LifecycleBase.fireLifecycleEvent(LifecycleBase.java:123)
	at org.apache.catalina.util.LifecycleBase.setStateInternal(LifecycleBase.java:423)
	at org.apache.catalina.util.LifecycleBase.setState(LifecycleBase.java:366)
	at org.apache.catalina.core.ContainerBase.startInternal(ContainerBase.java:946)
	at org.apache.catalina.core.StandardHost.startInternal(StandardHost.java:835)
	at org.apache.catalina.util.LifecycleBase.start(LifecycleBase.java:183)
	at org.apache.catalina.core.ContainerBase$StartChild.call(ContainerBase.java:1396)
	at org.apache.catalina.core.ContainerBase$StartChild.call(ContainerBase.java:1386)
	at java.util.concurrent.FutureTask.run(FutureTask.java:266)
	at org.apache.tomcat.util.threads.InlineExecutorService.execute(InlineExecutorService.java:75)
	at java.util.concurrent.AbstractExecutorService.submit(AbstractExecutorService.java:134)
	at org.apache.catalina.core.ContainerBase.startInternal(ContainerBase.java:919)
	at org.apache.catalina.core.StandardEngine.startInternal(StandardEngine.java:263)
	at org.apache.catalina.util.LifecycleBase.start(LifecycleBase.java:183)
	at org.apache.catalina.core.StandardService.startInternal(StandardService.java:432)
	at org.apache.catalina.util.LifecycleBase.start(LifecycleBase.java:183)
	at org.apache.catalina.core.StandardServer.startInternal(StandardServer.java:927)
	at org.apache.catalina.util.LifecycleBase.start(LifecycleBase.java:183)
	at org.apache.catalina.startup.Catalina.start(Catalina.java:772)
	at com.adventnet.mfw.service.WebService.start(WebService.java:97)
	at com.adventnet.mfw.service.ServiceStarter.initServices(ServiceStarter.java:170)
	at com.zoho.mickey.startup.MEServer.startServer(MEServer.java:381)
	at com.adventnet.mfw.Starter.start(Starter.java:396)
	at com.adventnet.mfw.Starter.main(Starter.java:727)
	at sun.reflect.NativeMethodAccessorImpl.invoke0(Native Method)
	at sun.reflect.NativeMethodAccessorImpl.invoke(NativeMethodAccessorImpl.java:62)
	at sun.reflect.DelegatingMethodAccessorImpl.invoke(DelegatingMethodAccessorImpl.java:43)
	at java.lang.reflect.Method.invoke(Method.java:498)
	at org.tanukisoftware.wrapper.WrapperSimpleApp.run(WrapperSimpleApp.java:349)
	at java.lang.Thread.run(Thread.java:750)

[12:01:40:506]|[04-18-2023]|[org.apache.catalina.core.ContainerBase.[Catalina].[localhost].[/iam]]|[SEVERE]|[20]: Exception starting filter [iamServlet]| 
java.lang.ClassNotFoundException: com.zoho.accounts.iservlet.filter.IAMServletFilter
	at org.apache.catalina.loader.WebappClassLoaderBase.loadClass(WebappClassLoaderBase.java:1407)
	at org.apache.catalina.loader.WebappClassLoaderBase.loadClass(WebappClassLoaderBase.java:1215)
	at org.apache.catalina.core.DefaultInstanceManager.loadClass(DefaultInstanceManager.java:538)
	at org.apache.catalina.core.DefaultInstanceManager.loadClassMaybePrivileged(DefaultInstanceManager.java:519)
	at org.apache.catalina.core.DefaultInstanceManager.newInstance(DefaultInstanceManager.java:149)
	at org.apache.catalina.core.ApplicationFilterConfig.getFilter(ApplicationFilterConfig.java:249)
	at org.apache.catalina.core.ApplicationFilterConfig.<init>(ApplicationFilterConfig.java:101)
	at org.apache.catalina.core.StandardContext.filterStart(StandardContext.java:4613)
	at org.apache.catalina.core.StandardContext.startInternal(StandardContext.java:5256)
	at org.apache.catalina.util.LifecycleBase.start(LifecycleBase.java:183)
	at org.apache.catalina.core.ContainerBase.addChildInternal(ContainerBase.java:726)
	at org.apache.catalina.core.ContainerBase.addChild(ContainerBase.java:698)
	at org.apache.catalina.core.StandardHost.addChild(StandardHost.java:696)
	at org.apache.catalina.startup.HostConfig.deployDirectory(HostConfig.java:1185)
	at org.apache.catalina.startup.HostConfig$DeployDirectory.run(HostConfig.java:1933)
	at java.util.concurrent.Executors$RunnableAdapter.call(Executors.java:511)
	at java.util.concurrent.FutureTask.run(FutureTask.java:266)
	at org.apache.tomcat.util.threads.InlineExecutorService.execute(InlineExecutorService.java:75)
	at java.util.concurrent.AbstractExecutorService.submit(AbstractExecutorService.java:112)
	at org.apache.catalina.startup.HostConfig.deployDirectories(HostConfig.java:1095)
	at org.apache.catalina.startup.HostConfig.deployApps(HostConfig.java:477)
	at org.apache.catalina.startup.HostConfig.start(HostConfig.java:1618)
	at org.apache.catalina.startup.HostConfig.lifecycleEvent(HostConfig.java:319)
	at org.apache.catalina.util.LifecycleBase.fireLifecycleEvent(LifecycleBase.java:123)
	at org.apache.catalina.util.LifecycleBase.setStateInternal(LifecycleBase.java:423)
	at org.apache.catalina.util.LifecycleBase.setState(LifecycleBase.java:366)
	at org.apache.catalina.core.ContainerBase.startInternal(ContainerBase.java:946)
	at org.apache.catalina.core.StandardHost.startInternal(StandardHost.java:835)
	at org.apache.catalina.util.LifecycleBase.start(LifecycleBase.java:183)
	at org.apache.catalina.core.ContainerBase$StartChild.call(ContainerBase.java:1396)
	at org.apache.catalina.core.ContainerBase$StartChild.call(ContainerBase.java:1386)
	at java.util.concurrent.FutureTask.run(FutureTask.java:266)
	at org.apache.tomcat.util.threads.InlineExecutorService.execute(InlineExecutorService.java:75)
	at java.util.concurrent.AbstractExecutorService.submit(AbstractExecutorService.java:134)
	at org.apache.catalina.core.ContainerBase.startInternal(ContainerBase.java:919)
	at org.apache.catalina.core.StandardEngine.startInternal(StandardEngine.java:263)
	at org.apache.catalina.util.LifecycleBase.start(LifecycleBase.java:183)
	at org.apache.catalina.core.StandardService.startInternal(StandardService.java:432)
	at org.apache.catalina.util.LifecycleBase.start(LifecycleBase.java:183)
	at org.apache.catalina.core.StandardServer.startInternal(StandardServer.java:927)
	at org.apache.catalina.util.LifecycleBase.start(LifecycleBase.java:183)
	at org.apache.catalina.startup.Catalina.start(Catalina.java:772)
	at com.adventnet.mfw.service.WebService.start(WebService.java:97)
	at com.adventnet.mfw.service.ServiceStarter.initServices(ServiceStarter.java:170)
	at com.zoho.mickey.startup.MEServer.startServer(MEServer.java:381)
	at com.adventnet.mfw.Starter.start(Starter.java:396)
	at com.adventnet.mfw.Starter.main(Starter.java:727)
	at sun.reflect.NativeMethodAccessorImpl.invoke0(Native Method)
	at sun.reflect.NativeMethodAccessorImpl.invoke(NativeMethodAccessorImpl.java:62)
	at sun.reflect.DelegatingMethodAccessorImpl.invoke(DelegatingMethodAccessorImpl.java:43)
	at java.lang.reflect.Method.invoke(Method.java:498)
	at org.tanukisoftware.wrapper.WrapperSimpleApp.run(WrapperSimpleApp.java:349)
	at java.lang.Thread.run(Thread.java:750)

[12:01:40:508]|[04-18-2023]|[org.apache.catalina.core.ContainerBase.[Catalina].[localhost].[/iam]]|[SEVERE]|[20]: Exception starting filter [AccountsAgentFilter]| 
java.lang.ClassNotFoundException: com.adventnet.iam.filter.AccountsAgentFilter
	at org.apache.catalina.loader.WebappClassLoaderBase.loadClass(WebappClassLoaderBase.java:1407)
	at org.apache.catalina.loader.WebappClassLoaderBase.loadClass(WebappClassLoaderBase.java:1215)
	at org.apache.catalina.core.DefaultInstanceManager.loadClass(DefaultInstanceManager.java:538)
	at org.apache.catalina.core.DefaultInstanceManager.loadClassMaybePrivileged(DefaultInstanceManager.java:519)
	at org.apache.catalina.core.DefaultInstanceManager.newInstance(DefaultInstanceManager.java:149)
	at org.apache.catalina.core.ApplicationFilterConfig.getFilter(ApplicationFilterConfig.java:249)
	at org.apache.catalina.core.ApplicationFilterConfig.<init>(ApplicationFilterConfig.java:101)
	at org.apache.catalina.core.StandardContext.filterStart(StandardContext.java:4613)
	at org.apache.catalina.core.StandardContext.startInternal(StandardContext.java:5256)
	at org.apache.catalina.util.LifecycleBase.start(LifecycleBase.java:183)
	at org.apache.catalina.core.ContainerBase.addChildInternal(ContainerBase.java:726)
	at org.apache.catalina.core.ContainerBase.addChild(ContainerBase.java:698)
	at org.apache.catalina.core.StandardHost.addChild(StandardHost.java:696)
	at org.apache.catalina.startup.HostConfig.deployDirectory(HostConfig.java:1185)
	at org.apache.catalina.startup.HostConfig$DeployDirectory.run(HostConfig.java:1933)
	at java.util.concurrent.Executors$RunnableAdapter.call(Executors.java:511)
	at java.util.concurrent.FutureTask.run(FutureTask.java:266)
	at org.apache.tomcat.util.threads.InlineExecutorService.execute(InlineExecutorService.java:75)
	at java.util.concurrent.AbstractExecutorService.submit(AbstractExecutorService.java:112)
	at org.apache.catalina.startup.HostConfig.deployDirectories(HostConfig.java:1095)
	at org.apache.catalina.startup.HostConfig.deployApps(HostConfig.java:477)
	at org.apache.catalina.startup.HostConfig.start(HostConfig.java:1618)
	at org.apache.catalina.startup.HostConfig.lifecycleEvent(HostConfig.java:319)
	at org.apache.catalina.util.LifecycleBase.fireLifecycleEvent(LifecycleBase.java:123)
	at org.apache.catalina.util.LifecycleBase.setStateInternal(LifecycleBase.java:423)
	at org.apache.catalina.util.LifecycleBase.setState(LifecycleBase.java:366)
	at org.apache.catalina.core.ContainerBase.startInternal(ContainerBase.java:946)
	at org.apache.catalina.core.StandardHost.startInternal(StandardHost.java:835)
	at org.apache.catalina.util.LifecycleBase.start(LifecycleBase.java:183)
	at org.apache.catalina.core.ContainerBase$StartChild.call(ContainerBase.java:1396)
	at org.apache.catalina.core.ContainerBase$StartChild.call(ContainerBase.java:1386)
	at java.util.concurrent.FutureTask.run(FutureTask.java:266)
	at org.apache.tomcat.util.threads.InlineExecutorService.execute(InlineExecutorService.java:75)
	at java.util.concurrent.AbstractExecutorService.submit(AbstractExecutorService.java:134)
	at org.apache.catalina.core.ContainerBase.startInternal(ContainerBase.java:919)
	at org.apache.catalina.core.StandardEngine.startInternal(StandardEngine.java:263)
	at org.apache.catalina.util.LifecycleBase.start(LifecycleBase.java:183)
	at org.apache.catalina.core.StandardService.startInternal(StandardService.java:432)
	at org.apache.catalina.util.LifecycleBase.start(LifecycleBase.java:183)
	at org.apache.catalina.core.StandardServer.startInternal(StandardServer.java:927)
	at org.apache.catalina.util.LifecycleBase.start(LifecycleBase.java:183)
	at org.apache.catalina.startup.Catalina.start(Catalina.java:772)
	at com.adventnet.mfw.service.WebService.start(WebService.java:97)
	at com.adventnet.mfw.service.ServiceStarter.initServices(ServiceStarter.java:170)
	at com.zoho.mickey.startup.MEServer.startServer(MEServer.java:381)
	at com.adventnet.mfw.Starter.start(Starter.java:396)
	at com.adventnet.mfw.Starter.main(Starter.java:727)
	at sun.reflect.NativeMethodAccessorImpl.invoke0(Native Method)
	at sun.reflect.NativeMethodAccessorImpl.invoke(NativeMethodAccessorImpl.java:62)
	at sun.reflect.DelegatingMethodAccessorImpl.invoke(DelegatingMethodAccessorImpl.java:43)
	at java.lang.reflect.Method.invoke(Method.java:498)
	at org.tanukisoftware.wrapper.WrapperSimpleApp.run(WrapperSimpleApp.java:349)
	at java.lang.Thread.run(Thread.java:750)

[12:01:40:510]|[04-18-2023]|[org.apache.catalina.core.ContainerBase.[Catalina].[localhost].[/iam]]|[SEVERE]|[20]: Exception starting filter [RefererCheckFilter]| 
java.lang.ClassNotFoundException: com.zoho.accounts.filter.internal.RefererCheckFilter
	at org.apache.catalina.loader.WebappClassLoaderBase.loadClass(WebappClassLoaderBase.java:1407)
	at org.apache.catalina.loader.WebappClassLoaderBase.loadClass(WebappClassLoaderBase.java:1215)
	at org.apache.catalina.core.DefaultInstanceManager.loadClass(DefaultInstanceManager.java:538)
	at org.apache.catalina.core.DefaultInstanceManager.loadClassMaybePrivileged(DefaultInstanceManager.java:519)
	at org.apache.catalina.core.DefaultInstanceManager.newInstance(DefaultInstanceManager.java:149)
	at org.apache.catalina.core.ApplicationFilterConfig.getFilter(ApplicationFilterConfig.java:249)
	at org.apache.catalina.core.ApplicationFilterConfig.<init>(ApplicationFilterConfig.java:101)
	at org.apache.catalina.core.StandardContext.filterStart(StandardContext.java:4613)
	at org.apache.catalina.core.StandardContext.startInternal(StandardContext.java:5256)
	at org.apache.catalina.util.LifecycleBase.start(LifecycleBase.java:183)
	at org.apache.catalina.core.ContainerBase.addChildInternal(ContainerBase.java:726)
	at org.apache.catalina.core.ContainerBase.addChild(ContainerBase.java:698)
	at org.apache.catalina.core.StandardHost.addChild(StandardHost.java:696)
	at org.apache.catalina.startup.HostConfig.deployDirectory(HostConfig.java:1185)
	at org.apache.catalina.startup.HostConfig$DeployDirectory.run(HostConfig.java:1933)
	at java.util.concurrent.Executors$RunnableAdapter.call(Executors.java:511)
	at java.util.concurrent.FutureTask.run(FutureTask.java:266)
	at org.apache.tomcat.util.threads.InlineExecutorService.execute(InlineExecutorService.java:75)
	at java.util.concurrent.AbstractExecutorService.submit(AbstractExecutorService.java:112)
	at org.apache.catalina.startup.HostConfig.deployDirectories(HostConfig.java:1095)
	at org.apache.catalina.startup.HostConfig.deployApps(HostConfig.java:477)
	at org.apache.catalina.startup.HostConfig.start(HostConfig.java:1618)
	at org.apache.catalina.startup.HostConfig.lifecycleEvent(HostConfig.java:319)
	at org.apache.catalina.util.LifecycleBase.fireLifecycleEvent(LifecycleBase.java:123)
	at org.apache.catalina.util.LifecycleBase.setStateInternal(LifecycleBase.java:423)
	at org.apache.catalina.util.LifecycleBase.setState(LifecycleBase.java:366)
	at org.apache.catalina.core.ContainerBase.startInternal(ContainerBase.java:946)
	at org.apache.catalina.core.StandardHost.startInternal(StandardHost.java:835)
	at org.apache.catalina.util.LifecycleBase.start(LifecycleBase.java:183)
	at org.apache.catalina.core.ContainerBase$StartChild.call(ContainerBase.java:1396)
	at org.apache.catalina.core.ContainerBase$StartChild.call(ContainerBase.java:1386)
	at java.util.concurrent.FutureTask.run(FutureTask.java:266)
	at org.apache.tomcat.util.threads.InlineExecutorService.execute(InlineExecutorService.java:75)
	at java.util.concurrent.AbstractExecutorService.submit(AbstractExecutorService.java:134)
	at org.apache.catalina.core.ContainerBase.startInternal(ContainerBase.java:919)
	at org.apache.catalina.core.StandardEngine.startInternal(StandardEngine.java:263)
	at org.apache.catalina.util.LifecycleBase.start(LifecycleBase.java:183)
	at org.apache.catalina.core.StandardService.startInternal(StandardService.java:432)
	at org.apache.catalina.util.LifecycleBase.start(LifecycleBase.java:183)
	at org.apache.catalina.core.StandardServer.startInternal(StandardServer.java:927)
	at org.apache.catalina.util.LifecycleBase.start(LifecycleBase.java:183)
	at org.apache.catalina.startup.Catalina.start(Catalina.java:772)
	at com.adventnet.mfw.service.WebService.start(WebService.java:97)
	at com.adventnet.mfw.service.ServiceStarter.initServices(ServiceStarter.java:170)
	at com.zoho.mickey.startup.MEServer.startServer(MEServer.java:381)
	at com.adventnet.mfw.Starter.start(Starter.java:396)
	at com.adventnet.mfw.Starter.main(Starter.java:727)
	at sun.reflect.NativeMethodAccessorImpl.invoke0(Native Method)
	at sun.reflect.NativeMethodAccessorImpl.invoke(NativeMethodAccessorImpl.java:62)
	at sun.reflect.DelegatingMethodAccessorImpl.invoke(DelegatingMethodAccessorImpl.java:43)
	at java.lang.reflect.Method.invoke(Method.java:498)
	at org.tanukisoftware.wrapper.WrapperSimpleApp.run(WrapperSimpleApp.java:349)
	at java.lang.Thread.run(Thread.java:750)

[12:01:40:510]|[04-18-2023]|[org.apache.catalina.core.StandardContext]|[SEVERE]|[20]: One or more Filters failed to start. Full details will be found in the appropriate container log file|
[12:01:40:510]|[04-18-2023]|[org.apache.catalina.core.StandardContext]|[SEVERE]|[20]: Context [/iam] startup failed due to previous errors|
[12:01:40:525]|[04-18-2023]|[org.apache.catalina.startup.HostConfig]|[INFO]|[20]: Deployment of web application directory [D:\MickeyLite\Applications\LenderB\webapps\iam] has finished in [6,639] ms|
[12:01:40:525]|[04-18-2023]|[org.apache.catalina.startup.HostConfig]|[INFO]|[20]: Deploying web application directory [D:\MickeyLite\Applications\LenderB\webapps\Lender]|
[12:01:44:830]|[04-18-2023]|[org.apache.jasper.servlet.TldScanner]|[INFO]|[20]: At least one JAR was scanned for TLDs yet contained no TLDs. Enable debug logging for this logger for a complete list of JARs that were scanned but no TLDs were found in them. Skipping unneeded JARs during scanning can improve startup time and JSP compilation time.|
[12:01:44:851]|[04-18-2023]|[org.apache.catalina.startup.HostConfig]|[INFO]|[20]: Deployment of web application directory [D:\MickeyLite\Applications\LenderB\webapps\Lender] has finished in [4,326] ms|
[12:01:44:852]|[04-18-2023]|[org.apache.catalina.startup.HostConfig]|[INFO]|[20]: Deploying web application directory [D:\MickeyLite\Applications\LenderB\webapps\mc]|
[12:01:48:838]|[04-18-2023]|[org.apache.jasper.servlet.TldScanner]|[INFO]|[20]: At least one JAR was scanned for TLDs yet contained no TLDs. Enable debug logging for this logger for a complete list of JARs that were scanned but no TLDs were found in them. Skipping unneeded JARs during scanning can improve startup time and JSP compilation time.|
[12:01:48:864]|[04-18-2023]|[org.apache.catalina.startup.HostConfig]|[INFO]|[20]: Deployment of web application directory [D:\MickeyLite\Applications\LenderB\webapps\mc] has finished in [4,012] ms|
[12:01:48:864]|[04-18-2023]|[org.apache.catalina.startup.HostConfig]|[INFO]|[20]: Deploying web application directory [D:\MickeyLite\Applications\LenderB\webapps\Pro]|
[12:01:52:921]|[04-18-2023]|[org.apache.jasper.servlet.TldScanner]|[INFO]|[20]: At least one JAR was scanned for TLDs yet contained no TLDs. Enable debug logging for this logger for a complete list of JARs that were scanned but no TLDs were found in them. Skipping unneeded JARs during scanning can improve startup time and JSP compilation time.|
[12:01:52:925]|[04-18-2023]|[org.apache.catalina.startup.HostConfig]|[INFO]|[20]: Deployment of web application directory [D:\MickeyLite\Applications\LenderB\webapps\Pro] has finished in [4,061] ms|
[12:01:52:925]|[04-18-2023]|[org.apache.catalina.startup.HostConfig]|[INFO]|[20]: Deploying web application directory [D:\MickeyLite\Applications\LenderB\webapps\ROOT]|
[12:01:56:984]|[04-18-2023]|[org.apache.jasper.servlet.TldScanner]|[INFO]|[20]: At least one JAR was scanned for TLDs yet contained no TLDs. Enable debug logging for this logger for a complete list of JARs that were scanned but no TLDs were found in them. Skipping unneeded JARs during scanning can improve startup time and JSP compilation time.|
[12:01:56:987]|[04-18-2023]|[org.apache.catalina.startup.HostConfig]|[INFO]|[20]: Deployment of web application directory [D:\MickeyLite\Applications\LenderB\webapps\ROOT] has finished in [4,062] ms|
[12:01:56:992]|[04-18-2023]|[org.apache.coyote.http11.Http11NioProtocol]|[INFO]|[20]: Starting ProtocolHandler ["http-nio-8080"]|
[12:01:57:009]|[04-18-2023]|[org.apache.catalina.startup.Catalina]|[INFO]|[20]: Server startup in [23153] milliseconds|
