[14:33:05:530]|[04-19-2023]|[org.apache.tomcat.util.digester.Digester]|[WARNING]|[20]: Match [Server/Service/Connector] failed to set property [maxSpareThreads] to [75]|
[14:33:05:532]|[04-19-2023]|[org.apache.tomcat.util.digester.Digester]|[WARNING]|[20]: Match [Server/Service/Connector] failed to set property [debug] to [3]|
[14:33:05:560]|[04-19-2023]|[org.apache.tomcat.util.digester.Digester]|[WARNING]|[20]: Match [Server/Service/Engine/Host] failed to set property [debug] to [0]|
[14:33:05:560]|[04-19-2023]|[org.apache.tomcat.util.digester.Digester]|[WARNING]|[20]: Match [Server/Service/Engine/Host] failed to set property [xmlValidation] to [false]|
[14:33:05:561]|[04-19-2023]|[org.apache.tomcat.util.digester.Digester]|[WARNING]|[20]: Match [Server/Service/Engine/Host] failed to set property [xmlNamespaceAware] to [false]|
[14:33:05:574]|[04-19-2023]|[org.apache.tomcat.util.digester.Digester]|[WARNING]|[20]: Match [Server/Service/Engine/Host/Valve] failed to set property [debug] to [0]|
[14:33:05:591]|[04-19-2023]|[org.apache.tomcat.util.digester.Digester]|[WARNING]|[20]: Match [Server/Service/Engine/Host/Valve] failed to set property [resolveHosts] to [false]|
[14:33:05:592]|[04-19-2023]|[org.apache.tomcat.util.digester.Digester]|[WARNING]|[20]: No rules found matching [Server/Service/Engine/Host/Logger]|
[14:33:05:872]|[04-19-2023]|[org.apache.coyote.http11.Http11NioProtocol]|[INFO]|[20]: Initializing ProtocolHandler ["http-nio-8080"]|
[14:33:05:892]|[04-19-2023]|[org.apache.catalina.startup.Catalina]|[INFO]|[20]: Server initialization in [489] milliseconds|
[14:33:05:905]|[04-19-2023]|[org.apache.catalina.core.StandardService]|[INFO]|[20]: Starting service [Catalina]|
[14:33:05:906]|[04-19-2023]|[org.apache.catalina.core.StandardEngine]|[INFO]|[20]: Starting Servlet engine: [Apache Tomcat/9.0.x-dev]|
[14:33:05:924]|[04-19-2023]|[org.apache.catalina.startup.HostConfig]|[INFO]|[20]: Deploying web application directory [D:\MickeyLite\Applications\LenderB\webapps\iam]|
[14:33:11:773]|[04-19-2023]|[org.apache.jasper.servlet.TldScanner]|[INFO]|[20]: At least one JAR was scanned for TLDs yet contained no TLDs. Enable debug logging for this logger for a complete list of JARs that were scanned but no TLDs were found in them. Skipping unneeded JARs during scanning can improve startup time and JSP compilation time.|
[14:33:11:811]|[04-19-2023]|[org.apache.catalina.core.ContainerBase.[Catalina].[localhost].[/iam]]|[SEVERE]|[20]: Exception starting filter [Accounts Filter]| 
java.lang.ClassNotFoundException: com.adventnet.iam.internal.filter.AccountsFilter
	at org.apache.catalina.loader.WebappClassLoaderBase.loadClass(WebappClassLoaderBase.java:1407)
	at org.apache.catalina.loader.WebappClassLoaderBase.loadClass(WebappClassLoaderBase.java:1215)
	at org.apache.catalina.core.DefaultInstanceManager.loadClass(DefaultInstanceManager.java:538)
	at org.apache.catalina.core.DefaultInstanceManager.loadClassMaybePrivileged(DefaultInstanceManager.java:519)
	at org.apache.catalina.core.DefaultInstanceManager.newInstance(DefaultInstanceManager.java:149)
	at org.apache.catalina.core.ApplicationFilterConfig.getFilter(ApplicationFilterConfig.java:249)
	at org.apache.catalina.core.ApplicationFilterConfig.<init>(ApplicationFilterConfig.java:101)
	at org.apache.catalina.core.StandardContext.filterStart(StandardContext.java:4613)
	at org.apache.catalina.core.StandardContext.startInternal(StandardContext.java:5256)
	at org.apache.catalina.util.LifecycleBase.start(LifecycleBase.java:183)
	at org.apache.catalina.core.ContainerBase.addChildInternal(ContainerBase.java:726)
	at org.apache.catalina.core.ContainerBase.addChild(ContainerBase.java:698)
	at org.apache.catalina.core.StandardHost.addChild(StandardHost.java:696)
	at org.apache.catalina.startup.HostConfig.deployDirectory(HostConfig.java:1185)
	at org.apache.catalina.startup.HostConfig$DeployDirectory.run(HostConfig.java:1933)
	at java.util.concurrent.Executors$RunnableAdapter.call(Executors.java:511)
	at java.util.concurrent.FutureTask.run(FutureTask.java:266)
	at org.apache.tomcat.util.threads.InlineExecutorService.execute(InlineExecutorService.java:75)
	at java.util.concurrent.AbstractExecutorService.submit(AbstractExecutorService.java:112)
	at org.apache.catalina.startup.HostConfig.deployDirectories(HostConfig.java:1095)
	at org.apache.catalina.startup.HostConfig.deployApps(HostConfig.java:477)
	at org.apache.catalina.startup.HostConfig.start(HostConfig.java:1618)
	at org.apache.catalina.startup.HostConfig.lifecycleEvent(HostConfig.java:319)
	at org.apache.catalina.util.LifecycleBase.fireLifecycleEvent(LifecycleBase.java:123)
	at org.apache.catalina.util.LifecycleBase.setStateInternal(LifecycleBase.java:423)
	at org.apache.catalina.util.LifecycleBase.setState(LifecycleBase.java:366)
	at org.apache.catalina.core.ContainerBase.startInternal(ContainerBase.java:946)
	at org.apache.catalina.core.StandardHost.startInternal(StandardHost.java:835)
	at org.apache.catalina.util.LifecycleBase.start(LifecycleBase.java:183)
	at org.apache.catalina.core.ContainerBase$StartChild.call(ContainerBase.java:1396)
	at org.apache.catalina.core.ContainerBase$StartChild.call(ContainerBase.java:1386)
	at java.util.concurrent.FutureTask.run(FutureTask.java:266)
	at org.apache.tomcat.util.threads.InlineExecutorService.execute(InlineExecutorService.java:75)
	at java.util.concurrent.AbstractExecutorService.submit(AbstractExecutorService.java:134)
	at org.apache.catalina.core.ContainerBase.startInternal(ContainerBase.java:919)
	at org.apache.catalina.core.StandardEngine.startInternal(StandardEngine.java:263)
	at org.apache.catalina.util.LifecycleBase.start(LifecycleBase.java:183)
	at org.apache.catalina.core.StandardService.startInternal(StandardService.java:432)
	at org.apache.catalina.util.LifecycleBase.start(LifecycleBase.java:183)
	at org.apache.catalina.core.StandardServer.startInternal(StandardServer.java:927)
	at org.apache.catalina.util.LifecycleBase.start(LifecycleBase.java:183)
	at org.apache.catalina.startup.Catalina.start(Catalina.java:772)
	at com.adventnet.mfw.service.WebService.start(WebService.java:97)
	at com.adventnet.mfw.service.ServiceStarter.initServices(ServiceStarter.java:170)
	at com.zoho.mickey.startup.MEServer.startServer(MEServer.java:381)
	at com.adventnet.mfw.Starter.start(Starter.java:396)
	at com.adventnet.mfw.Starter.main(Starter.java:727)
	at sun.reflect.NativeMethodAccessorImpl.invoke0(Native Method)
	at sun.reflect.NativeMethodAccessorImpl.invoke(NativeMethodAccessorImpl.java:62)
	at sun.reflect.DelegatingMethodAccessorImpl.invoke(DelegatingMethodAccessorImpl.java:43)
	at java.lang.reflect.Method.invoke(Method.java:498)
	at org.tanukisoftware.wrapper.WrapperSimpleApp.run(WrapperSimpleApp.java:349)
	at java.lang.Thread.run(Thread.java:750)

[14:33:11:813]|[04-19-2023]|[org.apache.catalina.core.ContainerBase.[Catalina].[localhost].[/iam]]|[SEVERE]|[20]: Exception starting filter [struts2]| 
java.lang.ClassNotFoundException: com.zoho.accounts.filter.StructsFilter
	at org.apache.catalina.loader.WebappClassLoaderBase.loadClass(WebappClassLoaderBase.java:1407)
	at org.apache.catalina.loader.WebappClassLoaderBase.loadClass(WebappClassLoaderBase.java:1215)
	at org.apache.catalina.core.DefaultInstanceManager.loadClass(DefaultInstanceManager.java:538)
	at org.apache.catalina.core.DefaultInstanceManager.loadClassMaybePrivileged(DefaultInstanceManager.java:519)
	at org.apache.catalina.core.DefaultInstanceManager.newInstance(DefaultInstanceManager.java:149)
	at org.apache.catalina.core.ApplicationFilterConfig.getFilter(ApplicationFilterConfig.java:249)
	at org.apache.catalina.core.ApplicationFilterConfig.<init>(ApplicationFilterConfig.java:101)
	at org.apache.catalina.core.StandardContext.filterStart(StandardContext.java:4613)
	at org.apache.catalina.core.StandardContext.startInternal(StandardContext.java:5256)
	at org.apache.catalina.util.LifecycleBase.start(LifecycleBase.java:183)
	at org.apache.catalina.core.ContainerBase.addChildInternal(ContainerBase.java:726)
	at org.apache.catalina.core.ContainerBase.addChild(ContainerBase.java:698)
	at org.apache.catalina.core.StandardHost.addChild(StandardHost.java:696)
	at org.apache.catalina.startup.HostConfig.deployDirectory(HostConfig.java:1185)
	at org.apache.catalina.startup.HostConfig$DeployDirectory.run(HostConfig.java:1933)
	at java.util.concurrent.Executors$RunnableAdapter.call(Executors.java:511)
	at java.util.concurrent.FutureTask.run(FutureTask.java:266)
	at org.apache.tomcat.util.threads.InlineExecutorService.execute(InlineExecutorService.java:75)
	at java.util.concurrent.AbstractExecutorService.submit(AbstractExecutorService.java:112)
	at org.apache.catalina.startup.HostConfig.deployDirectories(HostConfig.java:1095)
	at org.apache.catalina.startup.HostConfig.deployApps(HostConfig.java:477)
	at org.apache.catalina.startup.HostConfig.start(HostConfig.java:1618)
	at org.apache.catalina.startup.HostConfig.lifecycleEvent(HostConfig.java:319)
	at org.apache.catalina.util.LifecycleBase.fireLifecycleEvent(LifecycleBase.java:123)
	at org.apache.catalina.util.LifecycleBase.setStateInternal(LifecycleBase.java:423)
	at org.apache.catalina.util.LifecycleBase.setState(LifecycleBase.java:366)
	at org.apache.catalina.core.ContainerBase.startInternal(ContainerBase.java:946)
	at org.apache.catalina.core.StandardHost.startInternal(StandardHost.java:835)
	at org.apache.catalina.util.LifecycleBase.start(LifecycleBase.java:183)
	at org.apache.catalina.core.ContainerBase$StartChild.call(ContainerBase.java:1396)
	at org.apache.catalina.core.ContainerBase$StartChild.call(ContainerBase.java:1386)
	at java.util.concurrent.FutureTask.run(FutureTask.java:266)
	at org.apache.tomcat.util.threads.InlineExecutorService.execute(InlineExecutorService.java:75)
	at java.util.concurrent.AbstractExecutorService.submit(AbstractExecutorService.java:134)
	at org.apache.catalina.core.ContainerBase.startInternal(ContainerBase.java:919)
	at org.apache.catalina.core.StandardEngine.startInternal(StandardEngine.java:263)
	at org.apache.catalina.util.LifecycleBase.start(LifecycleBase.java:183)
	at org.apache.catalina.core.StandardService.startInternal(StandardService.java:432)
	at org.apache.catalina.util.LifecycleBase.start(LifecycleBase.java:183)
	at org.apache.catalina.core.StandardServer.startInternal(StandardServer.java:927)
	at org.apache.catalina.util.LifecycleBase.start(LifecycleBase.java:183)
	at org.apache.catalina.startup.Catalina.start(Catalina.java:772)
	at com.adventnet.mfw.service.WebService.start(WebService.java:97)
	at com.adventnet.mfw.service.ServiceStarter.initServices(ServiceStarter.java:170)
	at com.zoho.mickey.startup.MEServer.startServer(MEServer.java:381)
	at com.adventnet.mfw.Starter.start(Starter.java:396)
	at com.adventnet.mfw.Starter.main(Starter.java:727)
	at sun.reflect.NativeMethodAccessorImpl.invoke0(Native Method)
	at sun.reflect.NativeMethodAccessorImpl.invoke(NativeMethodAccessorImpl.java:62)
	at sun.reflect.DelegatingMethodAccessorImpl.invoke(DelegatingMethodAccessorImpl.java:43)
	at java.lang.reflect.Method.invoke(Method.java:498)
	at org.tanukisoftware.wrapper.WrapperSimpleApp.run(WrapperSimpleApp.java:349)
	at java.lang.Thread.run(Thread.java:750)

[14:33:11:831]|[04-19-2023]|[org.apache.catalina.core.ContainerBase.[Catalina].[localhost].[/iam]]|[SEVERE]|[20]: Exception starting filter [Security Filter]| 
javax.servlet.ServletException: java.lang.RuntimeException:  File security-safeheaders.xml doesn't exist in D:\MickeyLite\Applications\LenderB\bin\..\conf\
	at com.adventnet.iam.security.SecurityFilter.init(SecurityFilter.java:79)
	at org.apache.catalina.core.ApplicationFilterConfig.initFilter(ApplicationFilterConfig.java:270)
	at org.apache.catalina.core.ApplicationFilterConfig.getFilter(ApplicationFilterConfig.java:251)
	at org.apache.catalina.core.ApplicationFilterConfig.<init>(ApplicationFilterConfig.java:101)
	at org.apache.catalina.core.StandardContext.filterStart(StandardContext.java:4613)
	at org.apache.catalina.core.StandardContext.startInternal(StandardContext.java:5256)
	at org.apache.catalina.util.LifecycleBase.start(LifecycleBase.java:183)
	at org.apache.catalina.core.ContainerBase.addChildInternal(ContainerBase.java:726)
	at org.apache.catalina.core.ContainerBase.addChild(ContainerBase.java:698)
	at org.apache.catalina.core.StandardHost.addChild(StandardHost.java:696)
	at org.apache.catalina.startup.HostConfig.deployDirectory(HostConfig.java:1185)
	at org.apache.catalina.startup.HostConfig$DeployDirectory.run(HostConfig.java:1933)
	at java.util.concurrent.Executors$RunnableAdapter.call(Executors.java:511)
	at java.util.concurrent.FutureTask.run(FutureTask.java:266)
	at org.apache.tomcat.util.threads.InlineExecutorService.execute(InlineExecutorService.java:75)
	at java.util.concurrent.AbstractExecutorService.submit(AbstractExecutorService.java:112)
	at org.apache.catalina.startup.HostConfig.deployDirectories(HostConfig.java:1095)
	at org.apache.catalina.startup.HostConfig.deployApps(HostConfig.java:477)
	at org.apache.catalina.startup.HostConfig.start(HostConfig.java:1618)
	at org.apache.catalina.startup.HostConfig.lifecycleEvent(HostConfig.java:319)
	at org.apache.catalina.util.LifecycleBase.fireLifecycleEvent(LifecycleBase.java:123)
	at org.apache.catalina.util.LifecycleBase.setStateInternal(LifecycleBase.java:423)
	at org.apache.catalina.util.LifecycleBase.setState(LifecycleBase.java:366)
	at org.apache.catalina.core.ContainerBase.startInternal(ContainerBase.java:946)
	at org.apache.catalina.core.StandardHost.startInternal(StandardHost.java:835)
	at org.apache.catalina.util.LifecycleBase.start(LifecycleBase.java:183)
	at org.apache.catalina.core.ContainerBase$StartChild.call(ContainerBase.java:1396)
	at org.apache.catalina.core.ContainerBase$StartChild.call(ContainerBase.java:1386)
	at java.util.concurrent.FutureTask.run(FutureTask.java:266)
	at org.apache.tomcat.util.threads.InlineExecutorService.execute(InlineExecutorService.java:75)
	at java.util.concurrent.AbstractExecutorService.submit(AbstractExecutorService.java:134)
	at org.apache.catalina.core.ContainerBase.startInternal(ContainerBase.java:919)
	at org.apache.catalina.core.StandardEngine.startInternal(StandardEngine.java:263)
	at org.apache.catalina.util.LifecycleBase.start(LifecycleBase.java:183)
	at org.apache.catalina.core.StandardService.startInternal(StandardService.java:432)
	at org.apache.catalina.util.LifecycleBase.start(LifecycleBase.java:183)
	at org.apache.catalina.core.StandardServer.startInternal(StandardServer.java:927)
	at org.apache.catalina.util.LifecycleBase.start(LifecycleBase.java:183)
	at org.apache.catalina.startup.Catalina.start(Catalina.java:772)
	at com.adventnet.mfw.service.WebService.start(WebService.java:97)
	at com.adventnet.mfw.service.ServiceStarter.initServices(ServiceStarter.java:170)
	at com.zoho.mickey.startup.MEServer.startServer(MEServer.java:381)
	at com.adventnet.mfw.Starter.start(Starter.java:396)
	at com.adventnet.mfw.Starter.main(Starter.java:727)
	at sun.reflect.NativeMethodAccessorImpl.invoke0(Native Method)
	at sun.reflect.NativeMethodAccessorImpl.invoke(NativeMethodAccessorImpl.java:62)
	at sun.reflect.DelegatingMethodAccessorImpl.invoke(DelegatingMethodAccessorImpl.java:43)
	at java.lang.reflect.Method.invoke(Method.java:498)
	at org.tanukisoftware.wrapper.WrapperSimpleApp.run(WrapperSimpleApp.java:349)
	at java.lang.Thread.run(Thread.java:750)
Caused by: java.lang.RuntimeException:  File security-safeheaders.xml doesn't exist in D:\MickeyLite\Applications\LenderB\bin\..\conf\
	at com.adventnet.iam.security.SecurityFilterProperties.addCommonSecurityConfigurationFiles(SecurityFilterProperties.java:765)
	at com.adventnet.iam.security.SecurityFilterProperties.<init>(SecurityFilterProperties.java:517)
	at com.adventnet.iam.security.SecurityFilter.init(SecurityFilter.java:67)
	... 49 more

[14:33:11:833]|[04-19-2023]|[org.apache.catalina.core.ContainerBase.[Catalina].[localhost].[/iam]]|[SEVERE]|[20]: Exception starting filter [AccountsInternalAuthFilter]| 
java.lang.ClassNotFoundException: com.zoho.accounts.filter.internal.AccountsInternalAuthFilter
	at org.apache.catalina.loader.WebappClassLoaderBase.loadClass(WebappClassLoaderBase.java:1407)
	at org.apache.catalina.loader.WebappClassLoaderBase.loadClass(WebappClassLoaderBase.java:1215)
	at org.apache.catalina.core.DefaultInstanceManager.loadClass(DefaultInstanceManager.java:538)
	at org.apache.catalina.core.DefaultInstanceManager.loadClassMaybePrivileged(DefaultInstanceManager.java:519)
	at org.apache.catalina.core.DefaultInstanceManager.newInstance(DefaultInstanceManager.java:149)
	at org.apache.catalina.core.ApplicationFilterConfig.getFilter(ApplicationFilterConfig.java:249)
	at org.apache.catalina.core.ApplicationFilterConfig.<init>(ApplicationFilterConfig.java:101)
	at org.apache.catalina.core.StandardContext.filterStart(StandardContext.java:4613)
	at org.apache.catalina.core.StandardContext.startInternal(StandardContext.java:5256)
	at org.apache.catalina.util.LifecycleBase.start(LifecycleBase.java:183)
	at org.apache.catalina.core.ContainerBase.addChildInternal(ContainerBase.java:726)
	at org.apache.catalina.core.ContainerBase.addChild(ContainerBase.java:698)
	at org.apache.catalina.core.StandardHost.addChild(StandardHost.java:696)
	at org.apache.catalina.startup.HostConfig.deployDirectory(HostConfig.java:1185)
	at org.apache.catalina.startup.HostConfig$DeployDirectory.run(HostConfig.java:1933)
	at java.util.concurrent.Executors$RunnableAdapter.call(Executors.java:511)
	at java.util.concurrent.FutureTask.run(FutureTask.java:266)
	at org.apache.tomcat.util.threads.InlineExecutorService.execute(InlineExecutorService.java:75)
	at java.util.concurrent.AbstractExecutorService.submit(AbstractExecutorService.java:112)
	at org.apache.catalina.startup.HostConfig.deployDirectories(HostConfig.java:1095)
	at org.apache.catalina.startup.HostConfig.deployApps(HostConfig.java:477)
	at org.apache.catalina.startup.HostConfig.start(HostConfig.java:1618)
	at org.apache.catalina.startup.HostConfig.lifecycleEvent(HostConfig.java:319)
	at org.apache.catalina.util.LifecycleBase.fireLifecycleEvent(LifecycleBase.java:123)
	at org.apache.catalina.util.LifecycleBase.setStateInternal(LifecycleBase.java:423)
	at org.apache.catalina.util.LifecycleBase.setState(LifecycleBase.java:366)
	at org.apache.catalina.core.ContainerBase.startInternal(ContainerBase.java:946)
	at org.apache.catalina.core.StandardHost.startInternal(StandardHost.java:835)
	at org.apache.catalina.util.LifecycleBase.start(LifecycleBase.java:183)
	at org.apache.catalina.core.ContainerBase$StartChild.call(ContainerBase.java:1396)
	at org.apache.catalina.core.ContainerBase$StartChild.call(ContainerBase.java:1386)
	at java.util.concurrent.FutureTask.run(FutureTask.java:266)
	at org.apache.tomcat.util.threads.InlineExecutorService.execute(InlineExecutorService.java:75)
	at java.util.concurrent.AbstractExecutorService.submit(AbstractExecutorService.java:134)
	at org.apache.catalina.core.ContainerBase.startInternal(ContainerBase.java:919)
	at org.apache.catalina.core.StandardEngine.startInternal(StandardEngine.java:263)
	at org.apache.catalina.util.LifecycleBase.start(LifecycleBase.java:183)
	at org.apache.catalina.core.StandardService.startInternal(StandardService.java:432)
	at org.apache.catalina.util.LifecycleBase.start(LifecycleBase.java:183)
	at org.apache.catalina.core.StandardServer.startInternal(StandardServer.java:927)
	at org.apache.catalina.util.LifecycleBase.start(LifecycleBase.java:183)
	at org.apache.catalina.startup.Catalina.start(Catalina.java:772)
	at com.adventnet.mfw.service.WebService.start(WebService.java:97)
	at com.adventnet.mfw.service.ServiceStarter.initServices(ServiceStarter.java:170)
	at com.zoho.mickey.startup.MEServer.startServer(MEServer.java:381)
	at com.adventnet.mfw.Starter.start(Starter.java:396)
	at com.adventnet.mfw.Starter.main(Starter.java:727)
	at sun.reflect.NativeMethodAccessorImpl.invoke0(Native Method)
	at sun.reflect.NativeMethodAccessorImpl.invoke(NativeMethodAccessorImpl.java:62)
	at sun.reflect.DelegatingMethodAccessorImpl.invoke(DelegatingMethodAccessorImpl.java:43)
	at java.lang.reflect.Method.invoke(Method.java:498)
	at org.tanukisoftware.wrapper.WrapperSimpleApp.run(WrapperSimpleApp.java:349)
	at java.lang.Thread.run(Thread.java:750)

[14:33:11:835]|[04-19-2023]|[org.apache.catalina.core.ContainerBase.[Catalina].[localhost].[/iam]]|[SEVERE]|[20]: Exception starting filter [ClientFilter]| 
java.lang.ClassNotFoundException: com.zoho.accounts.filter.internal.ClientUserFilter
	at org.apache.catalina.loader.WebappClassLoaderBase.loadClass(WebappClassLoaderBase.java:1407)
	at org.apache.catalina.loader.WebappClassLoaderBase.loadClass(WebappClassLoaderBase.java:1215)
	at org.apache.catalina.core.DefaultInstanceManager.loadClass(DefaultInstanceManager.java:538)
	at org.apache.catalina.core.DefaultInstanceManager.loadClassMaybePrivileged(DefaultInstanceManager.java:519)
	at org.apache.catalina.core.DefaultInstanceManager.newInstance(DefaultInstanceManager.java:149)
	at org.apache.catalina.core.ApplicationFilterConfig.getFilter(ApplicationFilterConfig.java:249)
	at org.apache.catalina.core.ApplicationFilterConfig.<init>(ApplicationFilterConfig.java:101)
	at org.apache.catalina.core.StandardContext.filterStart(StandardContext.java:4613)
	at org.apache.catalina.core.StandardContext.startInternal(StandardContext.java:5256)
	at org.apache.catalina.util.LifecycleBase.start(LifecycleBase.java:183)
	at org.apache.catalina.core.ContainerBase.addChildInternal(ContainerBase.java:726)
	at org.apache.catalina.core.ContainerBase.addChild(ContainerBase.java:698)
	at org.apache.catalina.core.StandardHost.addChild(StandardHost.java:696)
	at org.apache.catalina.startup.HostConfig.deployDirectory(HostConfig.java:1185)
	at org.apache.catalina.startup.HostConfig$DeployDirectory.run(HostConfig.java:1933)
	at java.util.concurrent.Executors$RunnableAdapter.call(Executors.java:511)
	at java.util.concurrent.FutureTask.run(FutureTask.java:266)
	at org.apache.tomcat.util.threads.InlineExecutorService.execute(InlineExecutorService.java:75)
	at java.util.concurrent.AbstractExecutorService.submit(AbstractExecutorService.java:112)
	at org.apache.catalina.startup.HostConfig.deployDirectories(HostConfig.java:1095)
	at org.apache.catalina.startup.HostConfig.deployApps(HostConfig.java:477)
	at org.apache.catalina.startup.HostConfig.start(HostConfig.java:1618)
	at org.apache.catalina.startup.HostConfig.lifecycleEvent(HostConfig.java:319)
	at org.apache.catalina.util.LifecycleBase.fireLifecycleEvent(LifecycleBase.java:123)
	at org.apache.catalina.util.LifecycleBase.setStateInternal(LifecycleBase.java:423)
	at org.apache.catalina.util.LifecycleBase.setState(LifecycleBase.java:366)
	at org.apache.catalina.core.ContainerBase.startInternal(ContainerBase.java:946)
	at org.apache.catalina.core.StandardHost.startInternal(StandardHost.java:835)
	at org.apache.catalina.util.LifecycleBase.start(LifecycleBase.java:183)
	at org.apache.catalina.core.ContainerBase$StartChild.call(ContainerBase.java:1396)
	at org.apache.catalina.core.ContainerBase$StartChild.call(ContainerBase.java:1386)
	at java.util.concurrent.FutureTask.run(FutureTask.java:266)
	at org.apache.tomcat.util.threads.InlineExecutorService.execute(InlineExecutorService.java:75)
	at java.util.concurrent.AbstractExecutorService.submit(AbstractExecutorService.java:134)
	at org.apache.catalina.core.ContainerBase.startInternal(ContainerBase.java:919)
	at org.apache.catalina.core.StandardEngine.startInternal(StandardEngine.java:263)
	at org.apache.catalina.util.LifecycleBase.start(LifecycleBase.java:183)
	at org.apache.catalina.core.StandardService.startInternal(StandardService.java:432)
	at org.apache.catalina.util.LifecycleBase.start(LifecycleBase.java:183)
	at org.apache.catalina.core.StandardServer.startInternal(StandardServer.java:927)
	at org.apache.catalina.util.LifecycleBase.start(LifecycleBase.java:183)
	at org.apache.catalina.startup.Catalina.start(Catalina.java:772)
	at com.adventnet.mfw.service.WebService.start(WebService.java:97)
	at com.adventnet.mfw.service.ServiceStarter.initServices(ServiceStarter.java:170)
	at com.zoho.mickey.startup.MEServer.startServer(MEServer.java:381)
	at com.adventnet.mfw.Starter.start(Starter.java:396)
	at com.adventnet.mfw.Starter.main(Starter.java:727)
	at sun.reflect.NativeMethodAccessorImpl.invoke0(Native Method)
	at sun.reflect.NativeMethodAccessorImpl.invoke(NativeMethodAccessorImpl.java:62)
	at sun.reflect.DelegatingMethodAccessorImpl.invoke(DelegatingMethodAccessorImpl.java:43)
	at java.lang.reflect.Method.invoke(Method.java:498)
	at org.tanukisoftware.wrapper.WrapperSimpleApp.run(WrapperSimpleApp.java:349)
	at java.lang.Thread.run(Thread.java:750)

[14:33:11:836]|[04-19-2023]|[org.apache.catalina.core.ContainerBase.[Catalina].[localhost].[/iam]]|[SEVERE]|[20]: Exception starting filter [iamServlet]| 
java.lang.ClassNotFoundException: com.zoho.accounts.iservlet.filter.IAMServletFilter
	at org.apache.catalina.loader.WebappClassLoaderBase.loadClass(WebappClassLoaderBase.java:1407)
	at org.apache.catalina.loader.WebappClassLoaderBase.loadClass(WebappClassLoaderBase.java:1215)
	at org.apache.catalina.core.DefaultInstanceManager.loadClass(DefaultInstanceManager.java:538)
	at org.apache.catalina.core.DefaultInstanceManager.loadClassMaybePrivileged(DefaultInstanceManager.java:519)
	at org.apache.catalina.core.DefaultInstanceManager.newInstance(DefaultInstanceManager.java:149)
	at org.apache.catalina.core.ApplicationFilterConfig.getFilter(ApplicationFilterConfig.java:249)
	at org.apache.catalina.core.ApplicationFilterConfig.<init>(ApplicationFilterConfig.java:101)
	at org.apache.catalina.core.StandardContext.filterStart(StandardContext.java:4613)
	at org.apache.catalina.core.StandardContext.startInternal(StandardContext.java:5256)
	at org.apache.catalina.util.LifecycleBase.start(LifecycleBase.java:183)
	at org.apache.catalina.core.ContainerBase.addChildInternal(ContainerBase.java:726)
	at org.apache.catalina.core.ContainerBase.addChild(ContainerBase.java:698)
	at org.apache.catalina.core.StandardHost.addChild(StandardHost.java:696)
	at org.apache.catalina.startup.HostConfig.deployDirectory(HostConfig.java:1185)
	at org.apache.catalina.startup.HostConfig$DeployDirectory.run(HostConfig.java:1933)
	at java.util.concurrent.Executors$RunnableAdapter.call(Executors.java:511)
	at java.util.concurrent.FutureTask.run(FutureTask.java:266)
	at org.apache.tomcat.util.threads.InlineExecutorService.execute(InlineExecutorService.java:75)
	at java.util.concurrent.AbstractExecutorService.submit(AbstractExecutorService.java:112)
	at org.apache.catalina.startup.HostConfig.deployDirectories(HostConfig.java:1095)
	at org.apache.catalina.startup.HostConfig.deployApps(HostConfig.java:477)
	at org.apache.catalina.startup.HostConfig.start(HostConfig.java:1618)
	at org.apache.catalina.startup.HostConfig.lifecycleEvent(HostConfig.java:319)
	at org.apache.catalina.util.LifecycleBase.fireLifecycleEvent(LifecycleBase.java:123)
	at org.apache.catalina.util.LifecycleBase.setStateInternal(LifecycleBase.java:423)
	at org.apache.catalina.util.LifecycleBase.setState(LifecycleBase.java:366)
	at org.apache.catalina.core.ContainerBase.startInternal(ContainerBase.java:946)
	at org.apache.catalina.core.StandardHost.startInternal(StandardHost.java:835)
	at org.apache.catalina.util.LifecycleBase.start(LifecycleBase.java:183)
	at org.apache.catalina.core.ContainerBase$StartChild.call(ContainerBase.java:1396)
	at org.apache.catalina.core.ContainerBase$StartChild.call(ContainerBase.java:1386)
	at java.util.concurrent.FutureTask.run(FutureTask.java:266)
	at org.apache.tomcat.util.threads.InlineExecutorService.execute(InlineExecutorService.java:75)
	at java.util.concurrent.AbstractExecutorService.submit(AbstractExecutorService.java:134)
	at org.apache.catalina.core.ContainerBase.startInternal(ContainerBase.java:919)
	at org.apache.catalina.core.StandardEngine.startInternal(StandardEngine.java:263)
	at org.apache.catalina.util.LifecycleBase.start(LifecycleBase.java:183)
	at org.apache.catalina.core.StandardService.startInternal(StandardService.java:432)
	at org.apache.catalina.util.LifecycleBase.start(LifecycleBase.java:183)
	at org.apache.catalina.core.StandardServer.startInternal(StandardServer.java:927)
	at org.apache.catalina.util.LifecycleBase.start(LifecycleBase.java:183)
	at org.apache.catalina.startup.Catalina.start(Catalina.java:772)
	at com.adventnet.mfw.service.WebService.start(WebService.java:97)
	at com.adventnet.mfw.service.ServiceStarter.initServices(ServiceStarter.java:170)
	at com.zoho.mickey.startup.MEServer.startServer(MEServer.java:381)
	at com.adventnet.mfw.Starter.start(Starter.java:396)
	at com.adventnet.mfw.Starter.main(Starter.java:727)
	at sun.reflect.NativeMethodAccessorImpl.invoke0(Native Method)
	at sun.reflect.NativeMethodAccessorImpl.invoke(NativeMethodAccessorImpl.java:62)
	at sun.reflect.DelegatingMethodAccessorImpl.invoke(DelegatingMethodAccessorImpl.java:43)
	at java.lang.reflect.Method.invoke(Method.java:498)
	at org.tanukisoftware.wrapper.WrapperSimpleApp.run(WrapperSimpleApp.java:349)
	at java.lang.Thread.run(Thread.java:750)

[14:33:11:838]|[04-19-2023]|[org.apache.catalina.core.ContainerBase.[Catalina].[localhost].[/iam]]|[SEVERE]|[20]: Exception starting filter [AccountsAgentFilter]| 
java.lang.ClassNotFoundException: com.adventnet.iam.filter.AccountsAgentFilter
	at org.apache.catalina.loader.WebappClassLoaderBase.loadClass(WebappClassLoaderBase.java:1407)
	at org.apache.catalina.loader.WebappClassLoaderBase.loadClass(WebappClassLoaderBase.java:1215)
	at org.apache.catalina.core.DefaultInstanceManager.loadClass(DefaultInstanceManager.java:538)
	at org.apache.catalina.core.DefaultInstanceManager.loadClassMaybePrivileged(DefaultInstanceManager.java:519)
	at org.apache.catalina.core.DefaultInstanceManager.newInstance(DefaultInstanceManager.java:149)
	at org.apache.catalina.core.ApplicationFilterConfig.getFilter(ApplicationFilterConfig.java:249)
	at org.apache.catalina.core.ApplicationFilterConfig.<init>(ApplicationFilterConfig.java:101)
	at org.apache.catalina.core.StandardContext.filterStart(StandardContext.java:4613)
	at org.apache.catalina.core.StandardContext.startInternal(StandardContext.java:5256)
	at org.apache.catalina.util.LifecycleBase.start(LifecycleBase.java:183)
	at org.apache.catalina.core.ContainerBase.addChildInternal(ContainerBase.java:726)
	at org.apache.catalina.core.ContainerBase.addChild(ContainerBase.java:698)
	at org.apache.catalina.core.StandardHost.addChild(StandardHost.java:696)
	at org.apache.catalina.startup.HostConfig.deployDirectory(HostConfig.java:1185)
	at org.apache.catalina.startup.HostConfig$DeployDirectory.run(HostConfig.java:1933)
	at java.util.concurrent.Executors$RunnableAdapter.call(Executors.java:511)
	at java.util.concurrent.FutureTask.run(FutureTask.java:266)
	at org.apache.tomcat.util.threads.InlineExecutorService.execute(InlineExecutorService.java:75)
	at java.util.concurrent.AbstractExecutorService.submit(AbstractExecutorService.java:112)
	at org.apache.catalina.startup.HostConfig.deployDirectories(HostConfig.java:1095)
	at org.apache.catalina.startup.HostConfig.deployApps(HostConfig.java:477)
	at org.apache.catalina.startup.HostConfig.start(HostConfig.java:1618)
	at org.apache.catalina.startup.HostConfig.lifecycleEvent(HostConfig.java:319)
	at org.apache.catalina.util.LifecycleBase.fireLifecycleEvent(LifecycleBase.java:123)
	at org.apache.catalina.util.LifecycleBase.setStateInternal(LifecycleBase.java:423)
	at org.apache.catalina.util.LifecycleBase.setState(LifecycleBase.java:366)
	at org.apache.catalina.core.ContainerBase.startInternal(ContainerBase.java:946)
	at org.apache.catalina.core.StandardHost.startInternal(StandardHost.java:835)
	at org.apache.catalina.util.LifecycleBase.start(LifecycleBase.java:183)
	at org.apache.catalina.core.ContainerBase$StartChild.call(ContainerBase.java:1396)
	at org.apache.catalina.core.ContainerBase$StartChild.call(ContainerBase.java:1386)
	at java.util.concurrent.FutureTask.run(FutureTask.java:266)
	at org.apache.tomcat.util.threads.InlineExecutorService.execute(InlineExecutorService.java:75)
	at java.util.concurrent.AbstractExecutorService.submit(AbstractExecutorService.java:134)
	at org.apache.catalina.core.ContainerBase.startInternal(ContainerBase.java:919)
	at org.apache.catalina.core.StandardEngine.startInternal(StandardEngine.java:263)
	at org.apache.catalina.util.LifecycleBase.start(LifecycleBase.java:183)
	at org.apache.catalina.core.StandardService.startInternal(StandardService.java:432)
	at org.apache.catalina.util.LifecycleBase.start(LifecycleBase.java:183)
	at org.apache.catalina.core.StandardServer.startInternal(StandardServer.java:927)
	at org.apache.catalina.util.LifecycleBase.start(LifecycleBase.java:183)
	at org.apache.catalina.startup.Catalina.start(Catalina.java:772)
	at com.adventnet.mfw.service.WebService.start(WebService.java:97)
	at com.adventnet.mfw.service.ServiceStarter.initServices(ServiceStarter.java:170)
	at com.zoho.mickey.startup.MEServer.startServer(MEServer.java:381)
	at com.adventnet.mfw.Starter.start(Starter.java:396)
	at com.adventnet.mfw.Starter.main(Starter.java:727)
	at sun.reflect.NativeMethodAccessorImpl.invoke0(Native Method)
	at sun.reflect.NativeMethodAccessorImpl.invoke(NativeMethodAccessorImpl.java:62)
	at sun.reflect.DelegatingMethodAccessorImpl.invoke(DelegatingMethodAccessorImpl.java:43)
	at java.lang.reflect.Method.invoke(Method.java:498)
	at org.tanukisoftware.wrapper.WrapperSimpleApp.run(WrapperSimpleApp.java:349)
	at java.lang.Thread.run(Thread.java:750)

[14:33:11:840]|[04-19-2023]|[org.apache.catalina.core.ContainerBase.[Catalina].[localhost].[/iam]]|[SEVERE]|[20]: Exception starting filter [RefererCheckFilter]| 
java.lang.ClassNotFoundException: com.zoho.accounts.filter.internal.RefererCheckFilter
	at org.apache.catalina.loader.WebappClassLoaderBase.loadClass(WebappClassLoaderBase.java:1407)
	at org.apache.catalina.loader.WebappClassLoaderBase.loadClass(WebappClassLoaderBase.java:1215)
	at org.apache.catalina.core.DefaultInstanceManager.loadClass(DefaultInstanceManager.java:538)
	at org.apache.catalina.core.DefaultInstanceManager.loadClassMaybePrivileged(DefaultInstanceManager.java:519)
	at org.apache.catalina.core.DefaultInstanceManager.newInstance(DefaultInstanceManager.java:149)
	at org.apache.catalina.core.ApplicationFilterConfig.getFilter(ApplicationFilterConfig.java:249)
	at org.apache.catalina.core.ApplicationFilterConfig.<init>(ApplicationFilterConfig.java:101)
	at org.apache.catalina.core.StandardContext.filterStart(StandardContext.java:4613)
	at org.apache.catalina.core.StandardContext.startInternal(StandardContext.java:5256)
	at org.apache.catalina.util.LifecycleBase.start(LifecycleBase.java:183)
	at org.apache.catalina.core.ContainerBase.addChildInternal(ContainerBase.java:726)
	at org.apache.catalina.core.ContainerBase.addChild(ContainerBase.java:698)
	at org.apache.catalina.core.StandardHost.addChild(StandardHost.java:696)
	at org.apache.catalina.startup.HostConfig.deployDirectory(HostConfig.java:1185)
	at org.apache.catalina.startup.HostConfig$DeployDirectory.run(HostConfig.java:1933)
	at java.util.concurrent.Executors$RunnableAdapter.call(Executors.java:511)
	at java.util.concurrent.FutureTask.run(FutureTask.java:266)
	at org.apache.tomcat.util.threads.InlineExecutorService.execute(InlineExecutorService.java:75)
	at java.util.concurrent.AbstractExecutorService.submit(AbstractExecutorService.java:112)
	at org.apache.catalina.startup.HostConfig.deployDirectories(HostConfig.java:1095)
	at org.apache.catalina.startup.HostConfig.deployApps(HostConfig.java:477)
	at org.apache.catalina.startup.HostConfig.start(HostConfig.java:1618)
	at org.apache.catalina.startup.HostConfig.lifecycleEvent(HostConfig.java:319)
	at org.apache.catalina.util.LifecycleBase.fireLifecycleEvent(LifecycleBase.java:123)
	at org.apache.catalina.util.LifecycleBase.setStateInternal(LifecycleBase.java:423)
	at org.apache.catalina.util.LifecycleBase.setState(LifecycleBase.java:366)
	at org.apache.catalina.core.ContainerBase.startInternal(ContainerBase.java:946)
	at org.apache.catalina.core.StandardHost.startInternal(StandardHost.java:835)
	at org.apache.catalina.util.LifecycleBase.start(LifecycleBase.java:183)
	at org.apache.catalina.core.ContainerBase$StartChild.call(ContainerBase.java:1396)
	at org.apache.catalina.core.ContainerBase$StartChild.call(ContainerBase.java:1386)
	at java.util.concurrent.FutureTask.run(FutureTask.java:266)
	at org.apache.tomcat.util.threads.InlineExecutorService.execute(InlineExecutorService.java:75)
	at java.util.concurrent.AbstractExecutorService.submit(AbstractExecutorService.java:134)
	at org.apache.catalina.core.ContainerBase.startInternal(ContainerBase.java:919)
	at org.apache.catalina.core.StandardEngine.startInternal(StandardEngine.java:263)
	at org.apache.catalina.util.LifecycleBase.start(LifecycleBase.java:183)
	at org.apache.catalina.core.StandardService.startInternal(StandardService.java:432)
	at org.apache.catalina.util.LifecycleBase.start(LifecycleBase.java:183)
	at org.apache.catalina.core.StandardServer.startInternal(StandardServer.java:927)
	at org.apache.catalina.util.LifecycleBase.start(LifecycleBase.java:183)
	at org.apache.catalina.startup.Catalina.start(Catalina.java:772)
	at com.adventnet.mfw.service.WebService.start(WebService.java:97)
	at com.adventnet.mfw.service.ServiceStarter.initServices(ServiceStarter.java:170)
	at com.zoho.mickey.startup.MEServer.startServer(MEServer.java:381)
	at com.adventnet.mfw.Starter.start(Starter.java:396)
	at com.adventnet.mfw.Starter.main(Starter.java:727)
	at sun.reflect.NativeMethodAccessorImpl.invoke0(Native Method)
	at sun.reflect.NativeMethodAccessorImpl.invoke(NativeMethodAccessorImpl.java:62)
	at sun.reflect.DelegatingMethodAccessorImpl.invoke(DelegatingMethodAccessorImpl.java:43)
	at java.lang.reflect.Method.invoke(Method.java:498)
	at org.tanukisoftware.wrapper.WrapperSimpleApp.run(WrapperSimpleApp.java:349)
	at java.lang.Thread.run(Thread.java:750)

[14:33:11:840]|[04-19-2023]|[org.apache.catalina.core.StandardContext]|[SEVERE]|[20]: One or more Filters failed to start. Full details will be found in the appropriate container log file|
[14:33:11:840]|[04-19-2023]|[org.apache.catalina.core.StandardContext]|[SEVERE]|[20]: Context [/iam] startup failed due to previous errors|
[14:33:11:858]|[04-19-2023]|[org.apache.catalina.startup.HostConfig]|[INFO]|[20]: Deployment of web application directory [D:\MickeyLite\Applications\LenderB\webapps\iam] has finished in [5,933] ms|
[14:33:11:858]|[04-19-2023]|[org.apache.catalina.startup.HostConfig]|[INFO]|[20]: Deploying web application directory [D:\MickeyLite\Applications\LenderB\webapps\Lender]|
[14:33:15:680]|[04-19-2023]|[org.apache.jasper.servlet.TldScanner]|[INFO]|[20]: At least one JAR was scanned for TLDs yet contained no TLDs. Enable debug logging for this logger for a complete list of JARs that were scanned but no TLDs were found in them. Skipping unneeded JARs during scanning can improve startup time and JSP compilation time.|
[14:33:15:707]|[04-19-2023]|[org.apache.catalina.startup.HostConfig]|[INFO]|[20]: Deployment of web application directory [D:\MickeyLite\Applications\LenderB\webapps\Lender] has finished in [3,849] ms|
[14:33:15:707]|[04-19-2023]|[org.apache.catalina.startup.HostConfig]|[INFO]|[20]: Deploying web application directory [D:\MickeyLite\Applications\LenderB\webapps\mc]|
[14:33:19:241]|[04-19-2023]|[org.apache.jasper.servlet.TldScanner]|[INFO]|[20]: At least one JAR was scanned for TLDs yet contained no TLDs. Enable debug logging for this logger for a complete list of JARs that were scanned but no TLDs were found in them. Skipping unneeded JARs during scanning can improve startup time and JSP compilation time.|
[14:33:19:262]|[04-19-2023]|[org.apache.catalina.startup.HostConfig]|[INFO]|[20]: Deployment of web application directory [D:\MickeyLite\Applications\LenderB\webapps\mc] has finished in [3,555] ms|
[14:33:19:263]|[04-19-2023]|[org.apache.catalina.startup.HostConfig]|[INFO]|[20]: Deploying web application directory [D:\MickeyLite\Applications\LenderB\webapps\Pro]|
[14:33:22:371]|[04-19-2023]|[org.apache.jasper.servlet.TldScanner]|[INFO]|[20]: At least one JAR was scanned for TLDs yet contained no TLDs. Enable debug logging for this logger for a complete list of JARs that were scanned but no TLDs were found in them. Skipping unneeded JARs during scanning can improve startup time and JSP compilation time.|
[14:33:22:376]|[04-19-2023]|[org.apache.catalina.startup.HostConfig]|[INFO]|[20]: Deployment of web application directory [D:\MickeyLite\Applications\LenderB\webapps\Pro] has finished in [3,113] ms|
[14:33:22:377]|[04-19-2023]|[org.apache.catalina.startup.HostConfig]|[INFO]|[20]: Deploying web application directory [D:\MickeyLite\Applications\LenderB\webapps\ROOT]|
[14:33:25:319]|[04-19-2023]|[org.apache.jasper.servlet.TldScanner]|[INFO]|[20]: At least one JAR was scanned for TLDs yet contained no TLDs. Enable debug logging for this logger for a complete list of JARs that were scanned but no TLDs were found in them. Skipping unneeded JARs during scanning can improve startup time and JSP compilation time.|
[14:33:25:322]|[04-19-2023]|[org.apache.catalina.startup.HostConfig]|[INFO]|[20]: Deployment of web application directory [D:\MickeyLite\Applications\LenderB\webapps\ROOT] has finished in [2,946] ms|
[14:33:25:326]|[04-19-2023]|[org.apache.coyote.http11.Http11NioProtocol]|[INFO]|[20]: Starting ProtocolHandler ["http-nio-8080"]|
[14:33:25:341]|[04-19-2023]|[org.apache.catalina.startup.Catalina]|[INFO]|[20]: Server startup in [19448] milliseconds|
[20:20:18:180]|[04-19-2023]|[org.apache.coyote.http11.Http11NioProtocol]|[INFO]|[21]: Pausing ProtocolHandler ["http-nio-8080"]|
[20:20:18:965]|[04-19-2023]|[org.apache.catalina.core.StandardService]|[INFO]|[21]: Stopping service [Catalina]|
[20:20:19:012]|[04-19-2023]|[org.apache.coyote.http11.Http11NioProtocol]|[INFO]|[21]: Stopping ProtocolHandler ["http-nio-8080"]|
[20:20:19:075]|[04-19-2023]|[org.apache.coyote.http11.Http11NioProtocol]|[INFO]|[21]: Destroying ProtocolHandler ["http-nio-8080"]|
